<?xml version="1.0" encoding="UTF-8"?>
<!-- Generated by org.testng.reporters.JUnitReportReporter -->
<testsuite hostname="DESKTOP-UMSL6GD" failures="0" tests="2" name="CucumberOpt.TestNGRunner" time="91.022" errors="0" timestamp="2024-05-07T19:31:36 IST" skipped="0">
  <testcase classname="CucumberOpt.TestNGRunner" name="runScenario" time="45.544"/>
  <testcase classname="CucumberOpt.TestNGRunner" name="runScenario" time="45.478"/>
</testsuite> <!-- CucumberOpt.TestNGRunner -->
